<?xml version="1.0" encoding="UTF-8"?>
<testng-results ignored="0" total="1" passed="1" failed="0" skipped="0">
  <reporter-output>
  </reporter-output>
  <suite started-at="2022-11-09T15:16:22 IST" name="Default suite" finished-at="2022-11-09T15:17:06 IST" duration-ms="44147">
    <groups>
    </groups>
    <test started-at="2022-11-09T15:16:22 IST" name="Default test" finished-at="2022-11-09T15:17:06 IST" duration-ms="44147">
      <class name="com.testScripts.FileUploadTest">
        <test-method is-config="true" signature="openBrowser()[pri:0, instance:com.testScripts.FileUploadTest@644baf4a]" started-at="2022-11-09T15:16:22 IST" name="openBrowser" finished-at="2022-11-09T15:16:29 IST" duration-ms="6712" status="PASS">
          <reporter-output>
          </reporter-output>
        </test-method> <!-- openBrowser -->
        <test-method signature="clickChooseFile()[pri:0, instance:com.testScripts.FileUploadTest@644baf4a]" started-at="2022-11-09T15:16:29 IST" name="clickChooseFile" finished-at="2022-11-09T15:17:06 IST" duration-ms="36935" status="PASS">
          <reporter-output>
          </reporter-output>
        </test-method> <!-- clickChooseFile -->
        <test-method is-config="true" signature="tearDown()[pri:0, instance:com.testScripts.FileUploadTest@644baf4a]" started-at="2022-11-09T15:17:06 IST" name="tearDown" finished-at="2022-11-09T15:17:06 IST" duration-ms="445" status="PASS">
          <reporter-output>
          </reporter-output>
        </test-method> <!-- tearDown -->
      </class> <!-- com.testScripts.FileUploadTest -->
    </test> <!-- Default test -->
  </suite> <!-- Default suite -->
</testng-results>
